<?xml version="1.0" encoding="UTF-8"?>
<!-- Generated by org.testng.reporters.JUnitReportReporter -->
<testsuite hostname="DESKTOP-I5F2NBJ" failures="0" tests="1" name="com.mphasis.jenkin_demo.verifyTitle" time="0.027" errors="0" timestamp="2023-07-19T11:26:20 IST" skipped="0">
  <testcase classname="com.mphasis.jenkin_demo.verifyTitle" name="titleVerification" time="0.027"/>
</testsuite> <!-- com.mphasis.jenkin_demo.verifyTitle -->
