<?xml version="1.0" encoding="UTF-8"?>
<!-- Generated by org.testng.reporters.JUnitReportReporter -->
<testsuite hostname="DESKTOP-I5F2NBJ" failures="0" tests="1" name="testScript.explicitWait" time="6.188" errors="0" timestamp="2023-07-19T17:55:17 IST" skipped="0">
  <testcase classname="testScript.explicitWait" name="verifyText" time="6.188"/>
</testsuite> <!-- testScript.explicitWait -->
