<?xml version="1.0" encoding="UTF-8"?>
<!-- Generated by org.testng.reporters.JUnitReportReporter -->
<testsuite hostname="DESKTOP-I5F2NBJ" failures="0" tests="7" name="in.amazon.teststeps.TestRunner" time="287.548" errors="0" timestamp="2023-08-01T10:03:51 IST" skipped="0">
  <testcase classname="in.amazon.teststeps.TestRunner" name="runScenario" time="45.555"/>
  <system-out/>
  <testcase classname="in.amazon.teststeps.TestRunner" name="runScenario" time="22.585"/>
  <system-out/>
  <testcase classname="in.amazon.teststeps.TestRunner" name="runScenario" time="23.095"/>
  <system-out/>
  <testcase classname="in.amazon.teststeps.TestRunner" name="runScenario" time="24.889"/>
  <system-out/>
  <testcase classname="in.amazon.teststeps.TestRunner" name="runScenario" time="30.598"/>
  <system-out/>
  <testcase classname="in.amazon.teststeps.TestRunner" name="runScenario" time="19.170"/>
  <system-out/>
  <testcase classname="in.amazon.teststeps.TestRunner" name="runScenario" time="121.656"/>
  <system-out/>
</testsuite> <!-- in.amazon.teststeps.TestRunner -->
