<?xml version="1.0" encoding="UTF-8"?>
<!-- Generated by org.testng.reporters.JUnitReportReporter -->
<testsuite hostname="DESKTOP-I5F2NBJ" failures="0" tests="5" name="testScript.groupingDemo" time="0.015" errors="0" timestamp="2023-07-19T17:55:17 IST" skipped="0">
  <testcase classname="testScript.groupingDemo" name="Car4" time="0.000"/>
  <testcase classname="testScript.groupingDemo" name="Car1" time="0.000"/>
  <testcase classname="testScript.groupingDemo" name="Car5" time="0.000"/>
  <testcase classname="testScript.groupingDemo" name="Car2" time="0.000"/>
  <testcase classname="testScript.groupingDemo" name="Car3" time="0.015"/>
</testsuite> <!-- testScript.groupingDemo -->
