<?xml version="1.0" encoding="UTF-8"?>
<!-- Generated by org.testng.reporters.JUnitReportReporter -->
<testsuite hostname="DESKTOP-I5F2NBJ" failures="0" tests="1" name="in.amazon.teststeps.TestRunner" time="173.934" errors="0" timestamp="2023-07-31T15:11:57 IST" skipped="0">
  <testcase classname="in.amazon.teststeps.TestRunner" name="runScenario" time="173.934"/>
  <system-out/>
</testsuite> <!-- in.amazon.teststeps.TestRunner -->
