<?xml version="1.0" encoding="UTF-8"?>
<!-- Generated by org.testng.reporters.JUnitReportReporter -->
<testsuite hostname="DESKTOP-I5F2NBJ" failures="0" tests="1" name="com.mphasis.seleniumWithMaven.verifyTitle" time="0.038" errors="0" timestamp="2023-07-19T17:38:41 IST" skipped="0">
  <testcase classname="com.mphasis.seleniumWithMaven.verifyTitle" name="titleVerification" time="0.038"/>
</testsuite> <!-- com.mphasis.seleniumWithMaven.verifyTitle -->
