<?xml version="1.0" encoding="UTF-8"?>
<!-- Generated by org.testng.reporters.JUnitReportReporter -->
<testsuite hostname="DESKTOP-I5F2NBJ" failures="0" tests="1" name="in.amazon.restAssuredDemo.VerifyCurrencyName" time="2.597" errors="0" timestamp="2023-08-23T17:13:00 IST" skipped="0">
  <testcase classname="in.amazon.restAssuredDemo.VerifyCurrencyName" name="verifyCurrencyName" time="2.597"/>
  <system-out/>
</testsuite> <!-- in.amazon.restAssuredDemo.VerifyCurrencyName -->
