<?xml version="1.0" encoding="UTF-8"?>
<!-- Generated by org.testng.reporters.JUnitReportReporter -->
<testsuite hostname="DESKTOP-I5F2NBJ" failures="0" tests="1" name="in.amazon.restAssuredDemo.GETDemo" time="5.528" errors="0" timestamp="2023-08-23T17:01:34 IST" skipped="0">
  <testcase classname="in.amazon.restAssuredDemo.GETDemo" name="getServerResponse" time="5.528"/>
  <system-out/>
</testsuite> <!-- in.amazon.restAssuredDemo.GETDemo -->
