<?xml version="1.0" encoding="UTF-8"?>
<!-- Generated by org.testng.reporters.JUnitReportReporter -->
<testsuite hostname="DESKTOP-I5F2NBJ" failures="0" tests="5" name="in.amazon.restAssuredDemo.create_update_delete_Resource" time="4.544" errors="0" timestamp="2023-08-23T17:34:01 IST" skipped="0">
  <testcase classname="in.amazon.restAssuredDemo.create_update_delete_Resource" name="createPayLoad" time="0.285"/>
  <system-out/>
  <testcase classname="in.amazon.restAssuredDemo.create_update_delete_Resource" name="createResource" time="2.060"/>
  <system-out/>
  <testcase classname="in.amazon.restAssuredDemo.create_update_delete_Resource" name="verifyResource" time="0.715"/>
  <system-out/>
  <testcase classname="in.amazon.restAssuredDemo.create_update_delete_Resource" name="updateResource" time="0.862"/>
  <system-out/>
  <testcase classname="in.amazon.restAssuredDemo.create_update_delete_Resource" name="deleteResource" time="0.622"/>
  <system-out/>
</testsuite> <!-- in.amazon.restAssuredDemo.create_update_delete_Resource -->
