<?xml version="1.0" encoding="UTF-8"?>
<!-- Generated by org.testng.reporters.JUnitReportReporter -->
<testsuite hostname="DESKTOP-I5F2NBJ" failures="0" tests="1" name="in.amazon.restAssuredDemo.POSTDemo" time="2.427" errors="0" timestamp="2023-08-23T17:04:13 IST" skipped="0">
  <testcase classname="in.amazon.restAssuredDemo.POSTDemo" name="createResource" time="2.427"/>
  <system-out/>
</testsuite> <!-- in.amazon.restAssuredDemo.POSTDemo -->
