<?xml version="1.0" encoding="UTF-8"?>
<!-- Generated by org.testng.reporters.JUnitReportReporter -->
<testsuite hostname="DESKTOP-I5F2NBJ" failures="0" tests="1" name="in.amazon.restAssuredDemo.APIKeyDemo" time="3.059" errors="0" timestamp="2023-08-23T17:21:05 IST" skipped="0">
  <testcase classname="in.amazon.restAssuredDemo.APIKeyDemo" name="getWeatherInfo" time="3.059"/>
  <system-out/>
</testsuite> <!-- in.amazon.restAssuredDemo.APIKeyDemo -->
