<?xml version="1.0" encoding="UTF-8"?>
<!-- Generated by org.testng.reporters.JUnitReportReporter -->
<testsuite hostname="DESKTOP-I5F2NBJ" failures="0" tests="1" name="in.amazon.restAssuredDemo.SOAPDemo" time="2.822" errors="0" timestamp="2023-08-23T17:08:21 IST" skipped="0">
  <testcase classname="in.amazon.restAssuredDemo.SOAPDemo" name="getCapital" time="2.822"/>
  <system-out/>
</testsuite> <!-- in.amazon.restAssuredDemo.SOAPDemo -->
