<?xml version="1.0" encoding="UTF-8"?>
<!-- Generated by org.testng.reporters.JUnitReportReporter -->
<testsuite hostname="DESKTOP-I5F2NBJ" failures="0" tests="1" name="in.amazon.restAssuredDemo.LoggerDemo" time="2.172" errors="0" timestamp="2023-08-23T17:31:30 IST" skipped="0">
  <testcase classname="in.amazon.restAssuredDemo.LoggerDemo" name="createResource" time="2.172"/>
  <system-out/>
</testsuite> <!-- in.amazon.restAssuredDemo.LoggerDemo -->
